============================= test session starts =============================
platform win32 -- Python 3.11.0, pytest-8.4.2, pluggy-1.6.0 -- c:\Users\itsni\Desktop\Neural\.venv\Scripts\python.exe
cachedir: .pytest_cache
hypothesis profile 'default'
rootdir: C:\Users\itsni\Desktop\Neural
configfile: pyproject.toml
plugins: anyio-4.11.0, dash-3.2.0, hypothesis-6.142.0, cov-7.0.0, json-0.4.0
collecting ... c:\Users\itsni\Desktop\Neural\.venv\Lib\site-packages\_pytest\threadexception.py:58: PytestUnhandledThreadExceptionWarning:

Exception in thread Thread-1 (run)

Traceback (most recent call last):
  File "C:\Users\itsni\AppData\Local\Programs\Python\Python311\Lib\threading.py", line 1038, in _bootstrap_inner
    self.run()
  File "C:\Users\itsni\AppData\Local\Programs\Python\Python311\Lib\threading.py", line 975, in run
    self._target(*self._args, **self._kwargs)
  File "c:\Users\itsni\Desktop\Neural\.venv\Lib\site-packages\flask_socketio\__init__.py", line 600, in run
    server_name = app.config['SERVER_NAME']
                  ^^^^^^^^^^
AttributeError: 'str' object has no attribute 'config'

Enable tracemalloc to get traceback where the object was allocated.
See https://docs.pytest.org/en/stable/how-to/capture-warnings.html#resource-warnings for more info.

collected 537 items / 1 error

=================================== ERRORS ====================================
_______ ERROR collecting tests/visualization/test_cli_visualization.py ________
ImportError while importing test module 'C:\Users\itsni\Desktop\Neural\tests\visualization\test_cli_visualization.py'.
Hint: make sure your test modules/packages have valid Python names.
Traceback:
..\..\AppData\Local\Programs\Python\Python311\Lib\importlib\__init__.py:126: in import_module
    return _bootstrap._gcd_import(name[level:], package, level)
           ^^^^^^^^^^^^^^^^^^^^^^^^^^^^^^^^^^^^^^^^^^^^^^^^^^^^
tests\visualization\test_cli_visualization.py:12: in <module>
    from neural.cli import cli, visualize
E   ImportError: cannot import name 'visualize' from 'neural.cli' (C:\Users\itsni\Desktop\Neural\neural\cli\__init__.py)
=========================== short test summary info ===========================
ERROR tests/visualization/test_cli_visualization.py
!!!!!!!!!!!!!!!!!!! Interrupted: 1 error during collection !!!!!!!!!!!!!!!!!!!!
============================== 1 error in 29.52s ==============================
